<?xml version="1.0" encoding="UTF-8"?>
<!-- Generated by org.testng.reporters.JUnitXMLReporter -->
<testsuite ignored="0" hostname="CPX-NDZQDBFQ5OP" failures="1" tests="2" name="Surefire test" time="12.696" errors="0" timestamp="2021-10-31T18:59:15 ART">
  <testcase classname="com.introselenium.Tests.Facebook_Test" name="test" time="0.417">
    <failure type="java.lang.AssertionError" message="expected [true] but found [false]">
      <![CDATA[java.lang.AssertionError: expected [true] but found [false]
at com.introselenium.Facebook_page.facebookLogin(Facebook_page.java:30)
at com.introselenium.Tests.Facebook_Test.test(Facebook_Test.java:26)
at java.base/java.util.ArrayList.forEach(ArrayList.java:1511)
... Removed 36 stack frames]]>
    </failure>
  </testcase> <!-- test -->
  <testcase classname="com.introselenium.Tests.Google_Test" name="test" time="0.174"/>
</testsuite> <!-- Surefire test -->
